<?xml version="1.0" encoding="UTF-8"?>
<testng-results skipped="0" failed="0" ignored="0" total="1" passed="1">
  <reporter-output>
  </reporter-output>
  <suite name="Default suite" duration-ms="13159" started-at="2018-03-30T20:38:46Z" finished-at="2018-03-30T20:38:59Z">
    <groups>
    </groups>
    <test name="Default test" duration-ms="13159" started-at="2018-03-30T20:38:46Z" finished-at="2018-03-30T20:38:59Z">
      <class name="com.Selenium.Practice.BasicLoginDemo">
        <test-method status="PASS" signature="verifytitle()[pri:0, instance:com.Selenium.Practice.BasicLoginDemo@5e5792a0]" name="verifytitle" duration-ms="13132" started-at="2018-03-30T20:38:46Z" description="To test  basic functionality" finished-at="2018-03-30T20:38:59Z">
          <reporter-output>
          </reporter-output>
        </test-method> <!-- verifytitle -->
      </class> <!-- com.Selenium.Practice.BasicLoginDemo -->
    </test> <!-- Default test -->
  </suite> <!-- Default suite -->
</testng-results>
